<?xml version="1.0" encoding="UTF-8"?>
<!-- Generated by org.testng.reporters.JUnitReportReporter -->
<testsuite skipped="0" hostname="sachitan-w10" name="selenium.automation.TestCase" tests="1" failures="0" timestamp="2021-02-12T19:02:42 IST" time="23.537" errors="0">
  <testcase name="walletHubTest" time="23.537" classname="selenium.automation.TestCase"/>
  <system-out/>
</testsuite> <!-- selenium.automation.TestCase -->
