<?xml version="1.0" encoding="UTF-8"?>
<!-- Generated by org.testng.reporters.JUnitReportReporter -->
<testsuite skipped="0" hostname="sachitan-w10" name="com.automation.WHTestCase" tests="1" failures="0" timestamp="2021-02-13T22:58:04 IST" time="5.731" errors="0">
  <testcase name="walletHubTest" time="5.731" classname="com.automation.WHTestCase"/>
  <system-out/>
</testsuite> <!-- com.automation.WHTestCase -->
